id	priority	createdTime	startedTime	terminatedTime	cpuTime	blockedTime	turnaroundTime	waitingTime	responseTime
1	0	0	0	23	12	11	23	11	0
2	0	180	180	211	9	22	31	22	0
4	0	642	642	653	11	0	11	0	0
5	0	649	653	671	18	0	22	4	4
3	0	506	506	676	97	73	170	73	0
6	0	715	715	731	13	3	16	3	0
7	0	749	749	758	5	4	9	4	0
8	0	922	922	936	14	0	14	0	0
9	0	1067	1067	1225	45	113	158	113	0
10	0	1360	1360	1373	13	0	13	0	0
11	0	1632	1632	1641	8	1	9	1	0
14	0	1714	1727	1734	7	0	20	13	13
12	0	1658	1658	1749	46	27	91	45	0
13	0	1711	1711	1773	30	32	62	32	0
15	0	2247	2247	2278	29	2	31	2	0
17	0	2490	2503	2508	5	0	18	13	13
16	0	2470	2470	2582	82	28	112	30	0
18	0	2871	2871	2883	12	0	12	0	0
19	0	2960	2960	3038	64	14	78	14	0
20	0	3318	3318	3438	61	59	120	59	0
0	0	0	0	3438	2857	0	3438	581	0
